[2021-10-02T14:08:03.207] [DEBUG] default - ディレクトリを削除します
[2021-10-02T14:08:03.207] [DEBUG] default - 削除対象: /Users/misashindo/MyProjects/projects/Jobkan_attendance_record/fileDownload
[2021-10-02T14:08:03.207] [DEBUG] default - ディレクトリを作成します
[2021-10-02T14:08:03.207] [DEBUG] default - ディレクトリを作成しました: /Users/misashindo/MyProjects/projects/Jobkan_attendance_record/fileDownload
[2021-10-02T14:09:50.245] [DEBUG] default - ディレクトリを削除します
[2021-10-02T14:09:50.246] [DEBUG] default - 削除対象: /Users/misashindo/MyProjects/projects/Jobkan_attendance_record/fileDownload
[2021-10-02T14:09:50.246] [DEBUG] default - ディレクトリを作成します
[2021-10-02T14:09:50.246] [DEBUG] default - ディレクトリを作成しました: /Users/misashindo/MyProjects/projects/Jobkan_attendance_record/fileDownload
[2021-10-02T14:10:04.357] [DEBUG] default - 画面が表示されるまで待機しています(Method Name: : inputPassWord(), リトライ回数: 0)
[2021-10-02T14:10:06.467] [WARN] default - {"name":"ElementNotInteractableError","remoteStacktrace":"0   chromedriver                        0x0000000102c073c9 __gxx_personality_v0 + 553177\n1   chromedriver                        0x0000000102b991d3 __gxx_personality_v0 + 102115\n2   chromedriver                        0x0000000102765ebf chromedriver + 171711\n3   chromedriver                        0x000000010279522e chromedriver + 365102\n4   chromedriver                        0x000000010279476e chromedriver + 362350\n5   chromedriver                        0x00000001027b7fc2 chromedriver + 507842\n6   chromedriver                        0x000000010278fbb5 chromedriver + 342965\n7   chromedriver                        0x00000001027b823e chromedriver + 508478\n8   chromedriver                        0x00000001027ca903 chromedriver + 583939\n9   chromedriver                        0x00000001027b81e3 chromedriver + 508387\n10  chromedriver                        0x000000010278e600 chromedriver + 337408\n11  chromedriver                        0x000000010278f795 chromedriver + 341909\n12  chromedriver                        0x0000000102bc8571 __gxx_personality_v0 + 295553\n13  chromedriver                        0x0000000102bdcccf __gxx_personality_v0 + 379359\n14  chromedriver                        0x0000000102bddf5f __gxx_personality_v0 + 384111\n15  chromedriver                        0x0000000102be265b __gxx_personality_v0 + 402283\n16  chromedriver                        0x0000000102bde42f __gxx_personality_v0 + 385343\n17  chromedriver                        0x0000000102bbd46c __gxx_personality_v0 + 250236\n18  chromedriver                        0x0000000102bf8ad8 __gxx_personality_v0 + 493544\n19  chromedriver                        0x0000000102bf8c61 __gxx_personality_v0 + 493937\n20  chromedriver                        0x0000000102c0e9d8 __gxx_personality_v0 + 583400\n21  libsystem_pthread.dylib             0x00007fff2047e8fc _pthread_start + 224\n22  libsystem_pthread.dylib             0x00007fff2047a443 thread_start + 15\n"}
[2021-10-02T14:10:07.472] [DEBUG] default - 画面が表示されるまで待機しています(Method Name: : inputPassWord(), リトライ回数: 1)
[2021-10-02T14:10:08.146] [DEBUG] default - 画面が表示されるまで待機しています(Method Name: : pushPasswordNextButton(), リトライ回数: 0)
[2021-10-02T14:10:32.203] [ERROR] default - TimeoutError: Waiting for element to be located By(xpath, //option[@value='NaN'])
Wait timed out after 10160ms
    at /Users/misashindo/MyProjects/projects/Jobkan_attendance_record/node_modules/selenium-webdriver/lib/webdriver.js:895:17
    at processTicksAndRejections (node:internal/process/task_queues:96:5) {
  remoteStacktrace: ''
}
[2021-10-02T14:11:37.476] [DEBUG] default - ディレクトリを削除します
[2021-10-02T14:11:37.476] [DEBUG] default - 削除対象: /Users/misashindo/MyProjects/projects/Jobkan_attendance_record/fileDownload
[2021-10-02T14:11:37.476] [DEBUG] default - ディレクトリを作成します
[2021-10-02T14:11:37.476] [DEBUG] default - ディレクトリを作成しました: /Users/misashindo/MyProjects/projects/Jobkan_attendance_record/fileDownload
[2021-10-02T14:11:50.384] [DEBUG] default - 画面が表示されるまで待機しています(Method Name: : inputPassWord(), リトライ回数: 0)
[2021-10-02T14:11:52.423] [WARN] default - {"name":"ElementNotInteractableError","remoteStacktrace":"0   chromedriver                        0x00000001010923c9 __gxx_personality_v0 + 553177\n1   chromedriver                        0x00000001010241d3 __gxx_personality_v0 + 102115\n2   chromedriver                        0x0000000100bf0ebf chromedriver + 171711\n3   chromedriver                        0x0000000100c2022e chromedriver + 365102\n4   chromedriver                        0x0000000100c1f76e chromedriver + 362350\n5   chromedriver                        0x0000000100c42fc2 chromedriver + 507842\n6   chromedriver                        0x0000000100c1abb5 chromedriver + 342965\n7   chromedriver                        0x0000000100c4323e chromedriver + 508478\n8   chromedriver                        0x0000000100c55903 chromedriver + 583939\n9   chromedriver                        0x0000000100c431e3 chromedriver + 508387\n10  chromedriver                        0x0000000100c19600 chromedriver + 337408\n11  chromedriver                        0x0000000100c1a795 chromedriver + 341909\n12  chromedriver                        0x0000000101053571 __gxx_personality_v0 + 295553\n13  chromedriver                        0x0000000101067ccf __gxx_personality_v0 + 379359\n14  chromedriver                        0x0000000101068f5f __gxx_personality_v0 + 384111\n15  chromedriver                        0x000000010106d65b __gxx_personality_v0 + 402283\n16  chromedriver                        0x000000010106942f __gxx_personality_v0 + 385343\n17  chromedriver                        0x000000010104846c __gxx_personality_v0 + 250236\n18  chromedriver                        0x0000000101083ad8 __gxx_personality_v0 + 493544\n19  chromedriver                        0x0000000101083c61 __gxx_personality_v0 + 493937\n20  chromedriver                        0x00000001010999d8 __gxx_personality_v0 + 583400\n21  libsystem_pthread.dylib             0x00007fff2047e8fc _pthread_start + 224\n22  libsystem_pthread.dylib             0x00007fff2047a443 thread_start + 15\n"}
[2021-10-02T14:11:53.424] [DEBUG] default - 画面が表示されるまで待機しています(Method Name: : inputPassWord(), リトライ回数: 1)
[2021-10-02T14:11:53.843] [DEBUG] default - 画面が表示されるまで待機しています(Method Name: : pushPasswordNextButton(), リトライ回数: 0)
[2021-10-02T14:12:04.165] [ERROR] default - TimeoutError: Waiting for element to be located By(css selector, #search > div > div > div > input)
Wait timed out after 10079ms
    at /Users/misashindo/MyProjects/projects/Jobkan_attendance_record/node_modules/selenium-webdriver/lib/webdriver.js:895:17
    at processTicksAndRejections (node:internal/process/task_queues:96:5) {
  remoteStacktrace: ''
}
[2021-10-02T14:16:40.266] [DEBUG] default - ディレクトリを削除します
[2021-10-02T14:16:40.267] [DEBUG] default - 削除対象: /Users/misashindo/MyProjects/projects/Jobkan_attendance_record/fileDownload
[2021-10-02T14:16:40.267] [DEBUG] default - ディレクトリを作成します
[2021-10-02T14:16:40.267] [DEBUG] default - ディレクトリを作成しました: /Users/misashindo/MyProjects/projects/Jobkan_attendance_record/fileDownload
[2021-10-02T14:16:53.489] [DEBUG] default - 画面が表示されるまで待機しています(Method Name: : inputPassWord(), リトライ回数: 0)
[2021-10-02T14:16:55.756] [WARN] default - {"name":"ElementNotInteractableError","remoteStacktrace":"0   chromedriver                        0x0000000104dda3c9 __gxx_personality_v0 + 553177\n1   chromedriver                        0x0000000104d6c1d3 __gxx_personality_v0 + 102115\n2   chromedriver                        0x0000000104938ebf chromedriver + 171711\n3   chromedriver                        0x000000010496822e chromedriver + 365102\n4   chromedriver                        0x000000010496776e chromedriver + 362350\n5   chromedriver                        0x000000010498afc2 chromedriver + 507842\n6   chromedriver                        0x0000000104962bb5 chromedriver + 342965\n7   chromedriver                        0x000000010498b23e chromedriver + 508478\n8   chromedriver                        0x000000010499d903 chromedriver + 583939\n9   chromedriver                        0x000000010498b1e3 chromedriver + 508387\n10  chromedriver                        0x0000000104961600 chromedriver + 337408\n11  chromedriver                        0x0000000104962795 chromedriver + 341909\n12  chromedriver                        0x0000000104d9b571 __gxx_personality_v0 + 295553\n13  chromedriver                        0x0000000104dafccf __gxx_personality_v0 + 379359\n14  chromedriver                        0x0000000104db0f5f __gxx_personality_v0 + 384111\n15  chromedriver                        0x0000000104db565b __gxx_personality_v0 + 402283\n16  chromedriver                        0x0000000104db142f __gxx_personality_v0 + 385343\n17  chromedriver                        0x0000000104d9046c __gxx_personality_v0 + 250236\n18  chromedriver                        0x0000000104dcbad8 __gxx_personality_v0 + 493544\n19  chromedriver                        0x0000000104dcbc61 __gxx_personality_v0 + 493937\n20  chromedriver                        0x0000000104de19d8 __gxx_personality_v0 + 583400\n21  libsystem_pthread.dylib             0x00007fff2047e8fc _pthread_start + 224\n22  libsystem_pthread.dylib             0x00007fff2047a443 thread_start + 15\n"}
[2021-10-02T14:16:56.761] [DEBUG] default - 画面が表示されるまで待機しています(Method Name: : inputPassWord(), リトライ回数: 1)
[2021-10-02T14:16:57.183] [DEBUG] default - 画面が表示されるまで待機しています(Method Name: : pushPasswordNextButton(), リトライ回数: 0)
[2021-10-02T14:17:17.923] [ERROR] default - TimeoutError: Waiting for element to be located By(xpath, //option[@value='2021'])
Wait timed out after 10155ms
    at /Users/misashindo/MyProjects/projects/Jobkan_attendance_record/node_modules/selenium-webdriver/lib/webdriver.js:895:17
    at processTicksAndRejections (node:internal/process/task_queues:96:5) {
  remoteStacktrace: ''
}
[2021-10-02T14:18:17.391] [DEBUG] default - ディレクトリを削除します
[2021-10-02T14:18:17.391] [DEBUG] default - 削除対象: /Users/misashindo/MyProjects/projects/Jobkan_attendance_record/fileDownload
[2021-10-02T14:18:17.392] [DEBUG] default - ディレクトリを作成します
[2021-10-02T14:18:17.392] [DEBUG] default - ディレクトリを作成しました: /Users/misashindo/MyProjects/projects/Jobkan_attendance_record/fileDownload
[2021-10-02T14:18:30.607] [DEBUG] default - 画面が表示されるまで待機しています(Method Name: : inputPassWord(), リトライ回数: 0)
[2021-10-02T14:18:32.944] [WARN] default - {"name":"ElementNotInteractableError","remoteStacktrace":"0   chromedriver                        0x00000001034363c9 __gxx_personality_v0 + 553177\n1   chromedriver                        0x00000001033c81d3 __gxx_personality_v0 + 102115\n2   chromedriver                        0x0000000102f94ebf chromedriver + 171711\n3   chromedriver                        0x0000000102fc422e chromedriver + 365102\n4   chromedriver                        0x0000000102fc376e chromedriver + 362350\n5   chromedriver                        0x0000000102fe6fc2 chromedriver + 507842\n6   chromedriver                        0x0000000102fbebb5 chromedriver + 342965\n7   chromedriver                        0x0000000102fe723e chromedriver + 508478\n8   chromedriver                        0x0000000102ff9903 chromedriver + 583939\n9   chromedriver                        0x0000000102fe71e3 chromedriver + 508387\n10  chromedriver                        0x0000000102fbd600 chromedriver + 337408\n11  chromedriver                        0x0000000102fbe795 chromedriver + 341909\n12  chromedriver                        0x00000001033f7571 __gxx_personality_v0 + 295553\n13  chromedriver                        0x000000010340bccf __gxx_personality_v0 + 379359\n14  chromedriver                        0x000000010340cf5f __gxx_personality_v0 + 384111\n15  chromedriver                        0x000000010341165b __gxx_personality_v0 + 402283\n16  chromedriver                        0x000000010340d42f __gxx_personality_v0 + 385343\n17  chromedriver                        0x00000001033ec46c __gxx_personality_v0 + 250236\n18  chromedriver                        0x0000000103427ad8 __gxx_personality_v0 + 493544\n19  chromedriver                        0x0000000103427c61 __gxx_personality_v0 + 493937\n20  chromedriver                        0x000000010343d9d8 __gxx_personality_v0 + 583400\n21  libsystem_pthread.dylib             0x00007fff2047e8fc _pthread_start + 224\n22  libsystem_pthread.dylib             0x00007fff2047a443 thread_start + 15\n"}
[2021-10-02T14:18:33.949] [DEBUG] default - 画面が表示されるまで待機しています(Method Name: : inputPassWord(), リトライ回数: 1)
[2021-10-02T14:18:34.236] [DEBUG] default - 画面が表示されるまで待機しています(Method Name: : pushPasswordNextButton(), リトライ回数: 0)
